
> rest-express@1.0.2 check
> tsc

client/src/App.tsx(45,7): error TS2451: Cannot redeclare block-scoped variable 'SleepDashboardLazy'.
client/src/App.tsx(46,7): error TS2451: Cannot redeclare block-scoped variable 'SleepSoundsLazy'.
client/src/App.tsx(47,7): error TS2451: Cannot redeclare block-scoped variable 'SleepPlanFunnelLazy'.
client/src/App.tsx(48,7): error TS2451: Cannot redeclare block-scoped variable 'SleepDashboardLazy'.
client/src/App.tsx(49,7): error TS2451: Cannot redeclare block-scoped variable 'SleepSoundsLazy'.
client/src/App.tsx(50,7): error TS2451: Cannot redeclare block-scoped variable 'SleepPlanFunnelLazy'.
client/src/App.tsx(75,7): error TS2451: Cannot redeclare block-scoped variable 'SleepPlanFunnel'.
client/src/App.tsx(76,7): error TS2451: Cannot redeclare block-scoped variable 'SleepPlanFunnel'.
client/src/pages/SecurityDashboard.tsx(94,53): error TS2322: Type '"link"' is not assignable to type '"default" | "destructive" | "confirm" | "outline" | "secondary" | "ghost" | null | undefined'.
server/auth.ts(65,41): error TS2345: Argument of type '{ username: string; password: string; email: string; language: string; }' is not assignable to parameter of type '{ username: string; password: string; detoxStartDate: Date | null; email?: string | null | undefined; language?: string | undefined; chronotype?: "bear" | "wolf" | "lion" | "dolphin" | null | undefined; ... 11 more ...; isDigitalDetoxCustomer?: boolean | undefined; }'.
  Property 'detoxStartDate' is missing in type '{ username: string; password: string; email: string; language: string; }' but required in type '{ username: string; password: string; detoxStartDate: Date | null; email?: string | null | undefined; language?: string | undefined; chronotype?: "bear" | "wolf" | "lion" | "dolphin" | null | undefined; ... 11 more ...; isDigitalDetoxCustomer?: boolean | undefined; }'.
server/auth.ts(132,45): error TS2345: Argument of type '{ username: any; password: string; email: any; language: any; }' is not assignable to parameter of type '{ username: string; password: string; detoxStartDate: Date | null; email?: string | null | undefined; language?: string | undefined; chronotype?: "bear" | "wolf" | "lion" | "dolphin" | null | undefined; ... 11 more ...; isDigitalDetoxCustomer?: boolean | undefined; }'.
  Property 'detoxStartDate' is missing in type '{ username: any; password: string; email: any; language: any; }' but required in type '{ username: string; password: string; detoxStartDate: Date | null; email?: string | null | undefined; language?: string | undefined; chronotype?: "bear" | "wolf" | "lion" | "dolphin" | null | undefined; ... 11 more ...; isDigitalDetoxCustomer?: boolean | undefined; }'.
server/diagnose-db.ts(15,45): error TS2345: Argument of type '{ username: string; password: string; email: string; language: string; }' is not assignable to parameter of type '{ username: string; password: string; detoxStartDate: Date | null; email?: string | null | undefined; language?: string | undefined; chronotype?: "bear" | "wolf" | "lion" | "dolphin" | null | undefined; ... 11 more ...; isDigitalDetoxCustomer?: boolean | undefined; }'.
  Property 'detoxStartDate' is missing in type '{ username: string; password: string; email: string; language: string; }' but required in type '{ username: string; password: string; detoxStartDate: Date | null; email?: string | null | undefined; language?: string | undefined; chronotype?: "bear" | "wolf" | "lion" | "dolphin" | null | undefined; ... 11 more ...; isDigitalDetoxCustomer?: boolean | undefined; }'.
server/routes/webhooks.ts(76,47): error TS2345: Argument of type '{ username: any; password: string; email: any; language: string; }' is not assignable to parameter of type '{ username: string; password: string; detoxStartDate: Date | null; email?: string | null | undefined; language?: string | undefined; chronotype?: "bear" | "wolf" | "lion" | "dolphin" | null | undefined; ... 11 more ...; isDigitalDetoxCustomer?: boolean | undefined; }'.
  Property 'detoxStartDate' is missing in type '{ username: any; password: string; email: any; language: string; }' but required in type '{ username: string; password: string; detoxStartDate: Date | null; email?: string | null | undefined; language?: string | undefined; chronotype?: "bear" | "wolf" | "lion" | "dolphin" | null | undefined; ... 11 more ...; isDigitalDetoxCustomer?: boolean | undefined; }'.
server/routes/webhooks.ts(171,45): error TS2345: Argument of type '{ username: any; password: string; email: any; language: string; }' is not assignable to parameter of type '{ username: string; password: string; detoxStartDate: Date | null; email?: string | null | undefined; language?: string | undefined; chronotype?: "bear" | "wolf" | "lion" | "dolphin" | null | undefined; ... 11 more ...; isDigitalDetoxCustomer?: boolean | undefined; }'.
  Property 'detoxStartDate' is missing in type '{ username: any; password: string; email: any; language: string; }' but required in type '{ username: string; password: string; detoxStartDate: Date | null; email?: string | null | undefined; language?: string | undefined; chronotype?: "bear" | "wolf" | "lion" | "dolphin" | null | undefined; ... 11 more ...; isDigitalDetoxCustomer?: boolean | undefined; }'.
server/seed-ricdes.ts(18,43): error TS2345: Argument of type '{ username: string; email: string; password: string; language: string; }' is not assignable to parameter of type '{ username: string; password: string; detoxStartDate: Date | null; email?: string | null | undefined; language?: string | undefined; chronotype?: "bear" | "wolf" | "lion" | "dolphin" | null | undefined; ... 11 more ...; isDigitalDetoxCustomer?: boolean | undefined; }'.
  Property 'detoxStartDate' is missing in type '{ username: string; email: string; password: string; language: string; }' but required in type '{ username: string; password: string; detoxStartDate: Date | null; email?: string | null | undefined; language?: string | undefined; chronotype?: "bear" | "wolf" | "lion" | "dolphin" | null | undefined; ... 11 more ...; isDigitalDetoxCustomer?: boolean | undefined; }'.
server/seed-test-user.ts(18,43): error TS2345: Argument of type '{ username: string; email: string; password: string; language: string; }' is not assignable to parameter of type '{ username: string; password: string; detoxStartDate: Date | null; email?: string | null | undefined; language?: string | undefined; chronotype?: "bear" | "wolf" | "lion" | "dolphin" | null | undefined; ... 11 more ...; isDigitalDetoxCustomer?: boolean | undefined; }'.
  Property 'detoxStartDate' is missing in type '{ username: string; email: string; password: string; language: string; }' but required in type '{ username: string; password: string; detoxStartDate: Date | null; email?: string | null | undefined; language?: string | undefined; chronotype?: "bear" | "wolf" | "lion" | "dolphin" | null | undefined; ... 11 more ...; isDigitalDetoxCustomer?: boolean | undefined; }'.
